[0.015s] Invoking command in '/home/tim3145/project_1/ros2_ws/build/robot_control': /usr/bin/cmake /home/tim3145/project_1/ros2_ws/src/robot_control -DCATKIN_INSTALL_INTO_PREFIX_ROOT=0 -DCATKIN_SYMLINK_INSTALL=ON -DCMAKE_INSTALL_PREFIX=/home/tim3145/project_1/ros2_ws/install/robot_control
[0.102s] -- The C compiler identification is GNU 11.4.0
[0.206s] -- The CXX compiler identification is GNU 11.4.0
[0.218s] -- Detecting C compiler ABI info
[0.325s] -- Detecting C compiler ABI info - done
[0.339s] -- Check for working C compiler: /usr/bin/cc - skipped
[0.339s] -- Detecting C compile features
[0.340s] -- Detecting C compile features - done
[0.346s] -- Detecting CXX compiler ABI info
[0.472s] -- Detecting CXX compiler ABI info - done
[0.490s] -- Check for working CXX compiler: /usr/bin/c++ - skipped
[0.490s] -- Detecting CXX compile features
[0.491s] -- Detecting CXX compile features - done
[0.494s] -- Found ament_cmake: 1.3.10 (/opt/ros/humble/share/ament_cmake/cmake)
[0.745s] -- Found Python3: /usr/bin/python3 (found version "3.10.12") found components: Interpreter 
[0.882s] -- Found rclpy: 3.3.14 (/opt/ros/humble/share/rclpy/cmake)
[0.988s] -- Configuring done
[0.992s] -- Generating done
[0.994s] [33mCMake Warning:
[0.994s]   Manually-specified variables were not used by the project:
[0.995s] 
[0.995s]     CATKIN_INSTALL_INTO_PREFIX_ROOT
[0.995s]     CATKIN_SYMLINK_INSTALL
[0.995s] 
[0.995s] [0m
[0.996s] -- Build files have been written to: /home/tim3145/project_1/ros2_ws/build/robot_control
[1.002s] Invoked command in '/home/tim3145/project_1/ros2_ws/build/robot_control' returned '0': /usr/bin/cmake /home/tim3145/project_1/ros2_ws/src/robot_control -DCATKIN_INSTALL_INTO_PREFIX_ROOT=0 -DCATKIN_SYMLINK_INSTALL=ON -DCMAKE_INSTALL_PREFIX=/home/tim3145/project_1/ros2_ws/install/robot_control
[1.005s] Invoking command in '/home/tim3145/project_1/ros2_ws/build/robot_control': /usr/bin/cmake --build /home/tim3145/project_1/ros2_ws/build/robot_control -- -j4 -l4
[1.064s] Invoked command in '/home/tim3145/project_1/ros2_ws/build/robot_control' returned '0': /usr/bin/cmake --build /home/tim3145/project_1/ros2_ws/build/robot_control -- -j4 -l4
[1.146s] Invoking command in '/home/tim3145/project_1/ros2_ws/build/robot_control': /usr/bin/cmake --install /home/tim3145/project_1/ros2_ws/build/robot_control
[1.158s] -- Install configuration: ""
[1.158s] [31mCMake Error at cmake_install.cmake:46 (file):
[1.158s]   file INSTALL cannot find
[1.159s]   "/home/tim3145/project_1/ros2_ws/src/robot_control/src/slam_node.py": No
[1.159s]   such file or directory.
[1.159s] 
[1.159s] [0m
[1.162s] Invoked command in '/home/tim3145/project_1/ros2_ws/build/robot_control' returned '1': /usr/bin/cmake --install /home/tim3145/project_1/ros2_ws/build/robot_control
