[0.188s] DEBUG:colcon:Command line arguments: ['/usr/bin/colcon', 'build', '--symlink-install']
[0.189s] DEBUG:colcon:Parsed command line arguments: Namespace(log_base=None, log_level=None, verb_name='build', build_base='build', install_base='install', merge_install=False, symlink_install=True, test_result_base=None, continue_on_error=False, executor='parallel', parallel_workers=4, event_handlers=None, ignore_user_meta=False, metas=['./colcon.meta'], base_paths=['.'], packages_ignore=None, packages_ignore_regex=None, paths=None, packages_up_to=None, packages_up_to_regex=None, packages_above=None, packages_above_and_dependencies=None, packages_above_depth=None, packages_select_by_dep=None, packages_skip_by_dep=None, packages_skip_up_to=None, packages_select_build_failed=False, packages_skip_build_finished=False, packages_select_test_failures=False, packages_skip_test_passed=False, packages_select=None, packages_skip=None, packages_select_regex=None, packages_skip_regex=None, packages_start=None, packages_end=None, allow_overriding=[], cmake_args=None, cmake_target=None, cmake_target_skip_unavailable=False, cmake_clean_cache=False, cmake_clean_first=False, cmake_force_configure=False, ament_cmake_args=None, catkin_cmake_args=None, catkin_skip_building_tests=False, mixin_files=None, mixin=None, verb_parser=<colcon_mixin.mixin.mixin_argument.MixinArgumentDecorator object at 0x7437aee0acb0>, verb_extension=<colcon_core.verb.build.BuildVerb object at 0x7437aee0a800>, main=<bound method BuildVerb.main of <colcon_core.verb.build.BuildVerb object at 0x7437aee0a800>>, mixin_verb=('build',))
[0.505s] Level 1:colcon.colcon_core.package_discovery:discover_packages(colcon_meta) check parameters
[0.505s] Level 1:colcon.colcon_core.package_discovery:discover_packages(recursive) check parameters
[0.505s] Level 1:colcon.colcon_core.package_discovery:discover_packages(ignore) check parameters
[0.506s] Level 1:colcon.colcon_core.package_discovery:discover_packages(path) check parameters
[0.506s] Level 1:colcon.colcon_core.package_discovery:discover_packages(colcon_meta) discover
[0.506s] Level 1:colcon.colcon_core.package_discovery:discover_packages(recursive) discover
[0.506s] INFO:colcon.colcon_core.package_discovery:Crawling recursively for packages in '/home/tim3145/project_1/ros2_ws'
[0.507s] Level 1:colcon.colcon_core.package_identification:_identify(.) by extensions ['ignore', 'ignore_ament_install']
[0.508s] Level 1:colcon.colcon_core.package_identification:_identify(.) by extension 'ignore'
[0.508s] Level 1:colcon.colcon_core.package_identification:_identify(.) by extension 'ignore_ament_install'
[0.508s] Level 1:colcon.colcon_core.package_identification:_identify(.) by extensions ['colcon_pkg']
[0.508s] Level 1:colcon.colcon_core.package_identification:_identify(.) by extension 'colcon_pkg'
[0.508s] Level 1:colcon.colcon_core.package_identification:_identify(.) by extensions ['colcon_meta']
[0.508s] Level 1:colcon.colcon_core.package_identification:_identify(.) by extension 'colcon_meta'
[0.508s] Level 1:colcon.colcon_core.package_identification:_identify(.) by extensions ['ros']
[0.508s] Level 1:colcon.colcon_core.package_identification:_identify(.) by extension 'ros'
[0.526s] Level 1:colcon.colcon_core.package_identification:_identify(.) by extensions ['cmake', 'python']
[0.526s] Level 1:colcon.colcon_core.package_identification:_identify(.) by extension 'cmake'
[0.526s] Level 1:colcon.colcon_core.package_identification:_identify(.) by extension 'python'
[0.526s] Level 1:colcon.colcon_core.package_identification:_identify(.) by extensions ['python_setup_py']
[0.526s] Level 1:colcon.colcon_core.package_identification:_identify(.) by extension 'python_setup_py'
[0.527s] Level 1:colcon.colcon_core.package_identification:_identify(build) by extensions ['ignore', 'ignore_ament_install']
[0.527s] Level 1:colcon.colcon_core.package_identification:_identify(build) by extension 'ignore'
[0.527s] Level 1:colcon.colcon_core.package_identification:_identify(build) ignored
[0.527s] Level 1:colcon.colcon_core.package_identification:_identify(install) by extensions ['ignore', 'ignore_ament_install']
[0.527s] Level 1:colcon.colcon_core.package_identification:_identify(install) by extension 'ignore'
[0.527s] Level 1:colcon.colcon_core.package_identification:_identify(install) ignored
[0.527s] Level 1:colcon.colcon_core.package_identification:_identify(log) by extensions ['ignore', 'ignore_ament_install']
[0.527s] Level 1:colcon.colcon_core.package_identification:_identify(log) by extension 'ignore'
[0.527s] Level 1:colcon.colcon_core.package_identification:_identify(log) ignored
[0.528s] Level 1:colcon.colcon_core.package_identification:_identify(src) by extensions ['ignore', 'ignore_ament_install']
[0.528s] Level 1:colcon.colcon_core.package_identification:_identify(src) by extension 'ignore'
[0.528s] Level 1:colcon.colcon_core.package_identification:_identify(src) by extension 'ignore_ament_install'
[0.528s] Level 1:colcon.colcon_core.package_identification:_identify(src) by extensions ['colcon_pkg']
[0.528s] Level 1:colcon.colcon_core.package_identification:_identify(src) by extension 'colcon_pkg'
[0.528s] Level 1:colcon.colcon_core.package_identification:_identify(src) by extensions ['colcon_meta']
[0.528s] Level 1:colcon.colcon_core.package_identification:_identify(src) by extension 'colcon_meta'
[0.528s] Level 1:colcon.colcon_core.package_identification:_identify(src) by extensions ['ros']
[0.528s] Level 1:colcon.colcon_core.package_identification:_identify(src) by extension 'ros'
[0.528s] Level 1:colcon.colcon_core.package_identification:_identify(src) by extensions ['cmake', 'python']
[0.528s] Level 1:colcon.colcon_core.package_identification:_identify(src) by extension 'cmake'
[0.528s] Level 1:colcon.colcon_core.package_identification:_identify(src) by extension 'python'
[0.528s] Level 1:colcon.colcon_core.package_identification:_identify(src) by extensions ['python_setup_py']
[0.528s] Level 1:colcon.colcon_core.package_identification:_identify(src) by extension 'python_setup_py'
[0.529s] Level 1:colcon.colcon_core.package_identification:_identify(src/robot_control) by extensions ['ignore', 'ignore_ament_install']
[0.529s] Level 1:colcon.colcon_core.package_identification:_identify(src/robot_control) by extension 'ignore'
[0.529s] Level 1:colcon.colcon_core.package_identification:_identify(src/robot_control) by extension 'ignore_ament_install'
[0.529s] Level 1:colcon.colcon_core.package_identification:_identify(src/robot_control) by extensions ['colcon_pkg']
[0.529s] Level 1:colcon.colcon_core.package_identification:_identify(src/robot_control) by extension 'colcon_pkg'
[0.529s] Level 1:colcon.colcon_core.package_identification:_identify(src/robot_control) by extensions ['colcon_meta']
[0.529s] Level 1:colcon.colcon_core.package_identification:_identify(src/robot_control) by extension 'colcon_meta'
[0.529s] Level 1:colcon.colcon_core.package_identification:_identify(src/robot_control) by extensions ['ros']
[0.529s] Level 1:colcon.colcon_core.package_identification:_identify(src/robot_control) by extension 'ros'
[0.534s] DEBUG:colcon.colcon_core.package_identification:Package 'src/robot_control' with type 'ros.catkin' and name 'robot_control'
[0.534s] Level 1:colcon.colcon_core.package_discovery:discover_packages(recursive) using defaults
[0.535s] Level 1:colcon.colcon_core.package_discovery:discover_packages(ignore) discover
[0.535s] Level 1:colcon.colcon_core.package_discovery:discover_packages(ignore) using defaults
[0.535s] Level 1:colcon.colcon_core.package_discovery:discover_packages(path) discover
[0.535s] Level 1:colcon.colcon_core.package_discovery:discover_packages(path) using defaults
[0.568s] Level 1:colcon.colcon_core.package_discovery:discover_packages(prefix_path) check parameters
[0.569s] Level 1:colcon.colcon_core.package_discovery:discover_packages(prefix_path) discover
[0.572s] DEBUG:colcon.colcon_installed_package_information.package_discovery:Found 276 installed packages in /opt/ros/humble
[0.574s] Level 1:colcon.colcon_core.package_discovery:discover_packages(prefix_path) using defaults
[0.650s] Level 5:colcon.colcon_core.verb:set package 'robot_control' build argument 'cmake_args' from command line to 'None'
[0.650s] Level 5:colcon.colcon_core.verb:set package 'robot_control' build argument 'cmake_target' from command line to 'None'
[0.651s] Level 5:colcon.colcon_core.verb:set package 'robot_control' build argument 'cmake_target_skip_unavailable' from command line to 'False'
[0.651s] Level 5:colcon.colcon_core.verb:set package 'robot_control' build argument 'cmake_clean_cache' from command line to 'False'
[0.651s] Level 5:colcon.colcon_core.verb:set package 'robot_control' build argument 'cmake_clean_first' from command line to 'False'
[0.651s] Level 5:colcon.colcon_core.verb:set package 'robot_control' build argument 'cmake_force_configure' from command line to 'False'
[0.651s] Level 5:colcon.colcon_core.verb:set package 'robot_control' build argument 'ament_cmake_args' from command line to 'None'
[0.651s] Level 5:colcon.colcon_core.verb:set package 'robot_control' build argument 'catkin_cmake_args' from command line to 'None'
[0.651s] Level 5:colcon.colcon_core.verb:set package 'robot_control' build argument 'catkin_skip_building_tests' from command line to 'False'
[0.651s] DEBUG:colcon.colcon_core.verb:Building package 'robot_control' with the following arguments: {'ament_cmake_args': None, 'build_base': '/home/tim3145/project_1/ros2_ws/build/robot_control', 'catkin_cmake_args': None, 'catkin_skip_building_tests': False, 'cmake_args': None, 'cmake_clean_cache': False, 'cmake_clean_first': False, 'cmake_force_configure': False, 'cmake_target': None, 'cmake_target_skip_unavailable': False, 'install_base': '/home/tim3145/project_1/ros2_ws/install/robot_control', 'merge_install': False, 'path': '/home/tim3145/project_1/ros2_ws/src/robot_control', 'symlink_install': True, 'test_result_base': None}
[0.651s] INFO:colcon.colcon_core.executor:Executing jobs using 'parallel' executor
[0.652s] DEBUG:colcon.colcon_parallel_executor.executor.parallel:run_until_complete
[0.653s] INFO:colcon.colcon_ros.task.catkin.build:Building ROS package in '/home/tim3145/project_1/ros2_ws/src/robot_control' with build type 'catkin'
[0.653s] INFO:colcon.colcon_cmake.task.cmake.build:Building CMake package in '/home/tim3145/project_1/ros2_ws/src/robot_control'
[0.656s] INFO:colcon.colcon_core.plugin_system:Skipping extension 'colcon_core.shell.bat': Not used on non-Windows systems
[0.656s] INFO:colcon.colcon_core.shell:Skip shell extension 'powershell' for command environment: Not usable outside of PowerShell
[0.656s] DEBUG:colcon.colcon_core.shell:Skip shell extension 'dsv' for command environment
[0.669s] DEBUG:colcon.colcon_core.event_handler.log_command:Invoking command in '/home/tim3145/project_1/ros2_ws/build/robot_control': /usr/bin/cmake /home/tim3145/project_1/ros2_ws/src/robot_control -DCATKIN_INSTALL_INTO_PREFIX_ROOT=0 -DCATKIN_SYMLINK_INSTALL=ON -DCMAKE_INSTALL_PREFIX=/home/tim3145/project_1/ros2_ws/install/robot_control
[1.656s] DEBUG:colcon.colcon_core.event_handler.log_command:Invoked command in '/home/tim3145/project_1/ros2_ws/build/robot_control' returned '0': /usr/bin/cmake /home/tim3145/project_1/ros2_ws/src/robot_control -DCATKIN_INSTALL_INTO_PREFIX_ROOT=0 -DCATKIN_SYMLINK_INSTALL=ON -DCMAKE_INSTALL_PREFIX=/home/tim3145/project_1/ros2_ws/install/robot_control
[1.659s] DEBUG:colcon.colcon_core.event_handler.log_command:Invoking command in '/home/tim3145/project_1/ros2_ws/build/robot_control': /usr/bin/cmake --build /home/tim3145/project_1/ros2_ws/build/robot_control -- -j4 -l4
[1.717s] DEBUG:colcon.colcon_core.event_handler.log_command:Invoked command in '/home/tim3145/project_1/ros2_ws/build/robot_control' returned '0': /usr/bin/cmake --build /home/tim3145/project_1/ros2_ws/build/robot_control -- -j4 -l4
[1.800s] DEBUG:colcon.colcon_core.event_handler.log_command:Invoking command in '/home/tim3145/project_1/ros2_ws/build/robot_control': /usr/bin/cmake --install /home/tim3145/project_1/ros2_ws/build/robot_control
[1.816s] DEBUG:colcon.colcon_core.event_handler.log_command:Invoked command in '/home/tim3145/project_1/ros2_ws/build/robot_control' returned '1': /usr/bin/cmake --install /home/tim3145/project_1/ros2_ws/build/robot_control
[1.849s] Level 1:colcon.colcon_core.shell:create_environment_hook('robot_control', 'ros_package_path')
[1.849s] INFO:colcon.colcon_core.shell:Creating environment hook '/home/tim3145/project_1/ros2_ws/install/robot_control/share/robot_control/hook/ros_package_path.ps1'
[1.850s] INFO:colcon.colcon_core.shell:Creating environment descriptor '/home/tim3145/project_1/ros2_ws/install/robot_control/share/robot_control/hook/ros_package_path.dsv'
[1.851s] INFO:colcon.colcon_core.shell:Creating environment hook '/home/tim3145/project_1/ros2_ws/install/robot_control/share/robot_control/hook/ros_package_path.sh'
[1.852s] Level 1:colcon.colcon_core.shell:create_environment_hook('robot_control', 'pkg_config_path')
[1.852s] INFO:colcon.colcon_core.shell:Creating environment hook '/home/tim3145/project_1/ros2_ws/install/robot_control/share/robot_control/hook/pkg_config_path.ps1'
[1.853s] INFO:colcon.colcon_core.shell:Creating environment descriptor '/home/tim3145/project_1/ros2_ws/install/robot_control/share/robot_control/hook/pkg_config_path.dsv'
[1.853s] INFO:colcon.colcon_core.shell:Creating environment hook '/home/tim3145/project_1/ros2_ws/install/robot_control/share/robot_control/hook/pkg_config_path.sh'
[1.856s] Level 1:colcon.colcon_core.shell:create_environment_hook('robot_control', 'pkg_config_path_multiarch')
[1.856s] INFO:colcon.colcon_core.shell:Creating environment hook '/home/tim3145/project_1/ros2_ws/install/robot_control/share/robot_control/hook/pkg_config_path_multiarch.ps1'
[1.857s] INFO:colcon.colcon_core.shell:Creating environment descriptor '/home/tim3145/project_1/ros2_ws/install/robot_control/share/robot_control/hook/pkg_config_path_multiarch.dsv'
[1.857s] INFO:colcon.colcon_core.shell:Creating environment hook '/home/tim3145/project_1/ros2_ws/install/robot_control/share/robot_control/hook/pkg_config_path_multiarch.sh'
[1.859s] Level 1:colcon.colcon_core.environment:create_environment_scripts_only(robot_control)
[1.862s] Level 1:colcon.colcon_core.environment:checking '/home/tim3145/project_1/ros2_ws/install/robot_control' for CMake module files
[1.862s] Level 1:colcon.colcon_core.environment:checking '/home/tim3145/project_1/ros2_ws/install/robot_control' for CMake config files
[1.863s] Level 1:colcon.colcon_core.environment:checking '/home/tim3145/project_1/ros2_ws/install/robot_control/lib'
[1.863s] Level 1:colcon.colcon_core.environment:checking '/home/tim3145/project_1/ros2_ws/install/robot_control/bin'
[1.863s] Level 1:colcon.colcon_core.environment:checking '/home/tim3145/project_1/ros2_ws/install/robot_control/lib/pkgconfig/robot_control.pc'
[1.864s] Level 1:colcon.colcon_core.environment:checking '/home/tim3145/project_1/ros2_ws/install/robot_control/lib/python3.10/site-packages'
[1.865s] Level 1:colcon.colcon_core.environment:checking '/home/tim3145/project_1/ros2_ws/install/robot_control/bin'
[1.865s] INFO:colcon.colcon_core.shell:Creating package script '/home/tim3145/project_1/ros2_ws/install/robot_control/share/robot_control/package.ps1'
[1.867s] INFO:colcon.colcon_core.shell:Creating package descriptor '/home/tim3145/project_1/ros2_ws/install/robot_control/share/robot_control/package.dsv'
[1.867s] INFO:colcon.colcon_core.shell:Creating package script '/home/tim3145/project_1/ros2_ws/install/robot_control/share/robot_control/package.sh'
[1.869s] INFO:colcon.colcon_core.shell:Creating package script '/home/tim3145/project_1/ros2_ws/install/robot_control/share/robot_control/package.bash'
[1.870s] INFO:colcon.colcon_core.shell:Creating package script '/home/tim3145/project_1/ros2_ws/install/robot_control/share/robot_control/package.zsh'
[1.870s] Level 1:colcon.colcon_core.environment:create_file_with_runtime_dependencies(/home/tim3145/project_1/ros2_ws/install/robot_control/share/colcon-core/packages/robot_control)
[1.881s] DEBUG:colcon.colcon_parallel_executor.executor.parallel:closing loop
[1.882s] DEBUG:colcon.colcon_parallel_executor.executor.parallel:loop closed
[1.882s] DEBUG:colcon.colcon_parallel_executor.executor.parallel:run_until_complete finished with '1'
[1.882s] DEBUG:colcon.colcon_core.event_reactor:joining thread
[1.890s] INFO:colcon.colcon_core.plugin_system:Skipping extension 'colcon_notification.desktop_notification.terminal_notifier': Not used on non-Darwin systems
[1.890s] INFO:colcon.colcon_core.plugin_system:Skipping extension 'colcon_notification.desktop_notification.win32': Not used on non-Windows systems
[1.890s] INFO:colcon.colcon_notification.desktop_notification:Sending desktop notification using 'notify2'
[1.907s] DEBUG:colcon.colcon_core.event_reactor:joined thread
[1.908s] INFO:colcon.colcon_core.shell:Creating prefix script '/home/tim3145/project_1/ros2_ws/install/local_setup.ps1'
[1.909s] INFO:colcon.colcon_core.shell:Creating prefix util module '/home/tim3145/project_1/ros2_ws/install/_local_setup_util_ps1.py'
[1.912s] INFO:colcon.colcon_core.shell:Creating prefix chain script '/home/tim3145/project_1/ros2_ws/install/setup.ps1'
[1.913s] INFO:colcon.colcon_core.shell:Creating prefix script '/home/tim3145/project_1/ros2_ws/install/local_setup.sh'
[1.915s] INFO:colcon.colcon_core.shell:Creating prefix util module '/home/tim3145/project_1/ros2_ws/install/_local_setup_util_sh.py'
[1.916s] INFO:colcon.colcon_core.shell:Creating prefix chain script '/home/tim3145/project_1/ros2_ws/install/setup.sh'
[1.918s] INFO:colcon.colcon_core.shell:Creating prefix script '/home/tim3145/project_1/ros2_ws/install/local_setup.bash'
[1.919s] INFO:colcon.colcon_core.shell:Creating prefix chain script '/home/tim3145/project_1/ros2_ws/install/setup.bash'
[1.921s] INFO:colcon.colcon_core.shell:Creating prefix script '/home/tim3145/project_1/ros2_ws/install/local_setup.zsh'
[1.922s] INFO:colcon.colcon_core.shell:Creating prefix chain script '/home/tim3145/project_1/ros2_ws/install/setup.zsh'
