[0.021s] Invoking command in '/home/tim3145/project_1/ros2_ws/build/robot_control': /usr/bin/cmake --build /home/tim3145/project_1/ros2_ws/build/robot_control -- -j4 -l4
[0.057s] -- Found ament_cmake: 1.3.10 (/opt/ros/humble/share/ament_cmake/cmake)
[0.338s] -- Found rclpy: 3.3.14 (/opt/ros/humble/share/rclpy/cmake)
[0.459s] -- Configuring done
[0.467s] -- Generating done
[0.468s] -- Build files have been written to: /home/tim3145/project_1/ros2_ws/build/robot_control
[0.504s] Invoked command in '/home/tim3145/project_1/ros2_ws/build/robot_control' returned '0': /usr/bin/cmake --build /home/tim3145/project_1/ros2_ws/build/robot_control -- -j4 -l4
[0.593s] Invoking command in '/home/tim3145/project_1/ros2_ws/build/robot_control': /usr/bin/cmake --install /home/tim3145/project_1/ros2_ws/build/robot_control
[0.607s] -- Install configuration: ""
[0.607s] -- Installing: /home/tim3145/project_1/ros2_ws/install/robot_control/lib/robot_control/slam_node.py
[0.607s] -- Installing: /home/tim3145/project_1/ros2_ws/install/robot_control/lib/robot_control/move_base_node.py
[0.608s] -- Installing: /home/tim3145/project_1/ros2_ws/install/robot_control/share/ament_index/resource_index/package_run_dependencies/robot_control
[0.608s] -- Installing: /home/tim3145/project_1/ros2_ws/install/robot_control/share/ament_index/resource_index/parent_prefix_path/robot_control
[0.608s] -- Installing: /home/tim3145/project_1/ros2_ws/install/robot_control/share/robot_control/environment/ament_prefix_path.sh
[0.609s] -- Installing: /home/tim3145/project_1/ros2_ws/install/robot_control/share/robot_control/environment/ament_prefix_path.dsv
[0.609s] -- Installing: /home/tim3145/project_1/ros2_ws/install/robot_control/share/robot_control/environment/path.sh
[0.609s] -- Installing: /home/tim3145/project_1/ros2_ws/install/robot_control/share/robot_control/environment/path.dsv
[0.610s] -- Installing: /home/tim3145/project_1/ros2_ws/install/robot_control/share/robot_control/local_setup.bash
[0.611s] -- Installing: /home/tim3145/project_1/ros2_ws/install/robot_control/share/robot_control/local_setup.sh
[0.611s] -- Installing: /home/tim3145/project_1/ros2_ws/install/robot_control/share/robot_control/local_setup.zsh
[0.611s] -- Installing: /home/tim3145/project_1/ros2_ws/install/robot_control/share/robot_control/local_setup.dsv
[0.614s] -- Installing: /home/tim3145/project_1/ros2_ws/install/robot_control/share/robot_control/package.dsv
[0.614s] -- Installing: /home/tim3145/project_1/ros2_ws/install/robot_control/share/ament_index/resource_index/packages/robot_control
[0.615s] -- Installing: /home/tim3145/project_1/ros2_ws/install/robot_control/share/robot_control/cmake/robot_controlConfig.cmake
[0.615s] -- Installing: /home/tim3145/project_1/ros2_ws/install/robot_control/share/robot_control/cmake/robot_controlConfig-version.cmake
[0.615s] -- Installing: /home/tim3145/project_1/ros2_ws/install/robot_control/share/robot_control/package.xml
[0.616s] Invoked command in '/home/tim3145/project_1/ros2_ws/build/robot_control' returned '0': /usr/bin/cmake --install /home/tim3145/project_1/ros2_ws/build/robot_control
